make all --print-data-base --no-builtin-variables --no-builtin-rules --question
# GNU Make 4.2.1
# Built for x86_64-pc-linux-gnu
# Copyright (C) 1988-2016 Free Software Foundation, Inc.
# License GPLv3+: GNU GPL version 3 or later <http://gnu.org/licenses/gpl.html>
# This is free software: you are free to change and redistribute it.
# There is NO WARRANTY, to the extent permitted by law.

# Make data base, printed on Tue May 17 22:55:09 2022

# Variables

# 'override' directive
GNUMAKEFLAGS := 
# automatic
<D = $(patsubst %/,%,$(dir $<))
# automatic
?F = $(notdir $?)
# environment
PAPERSIZE = a4
# environment
DESKTOP_SESSION = ubuntu
# default
.SHELLFLAGS := -c
# environment
XDG_SESSION_CLASS = user
# environment
SNAP_COMMON = /var/snap/code/common
# environment
XDG_SESSION_TYPE = x11
# environment
VSCODE_LOG_NATIVE = false
# automatic
?D = $(patsubst %/,%,$(dir $?))
# environment
IM_CONFIG_PHASE = 1
# automatic
@D = $(patsubst %/,%,$(dir $@))
# environment
XAUTHORITY = /run/user/1000/gdm/Xauthority
# environment
GDMSESSION = ubuntu
# environment
XMODIFIERS = @im=ibus
# makefile
CURDIR := /home/stepa/Plocha/IBEP-T/Paillier_EEICT/Code/EEICT_Paillier
# makefile
SHELL = /bin/sh
# environment
SNAP_DATA = /var/snap/code/96
# environment
VSCODE_NLS_CONFIG = {"locale":"cs","availableLanguages":{"*":"cs"},"_languagePackId":"dc13117dd83f42c51c717af1febe6d2c.cs","_translationsConfigFile":"/home/stepa/.config/Code/clp/dc13117dd83f42c51c717af1febe6d2c.cs/tcf.json","_cacheRoot":"/home/stepa/.config/Code/clp/dc13117dd83f42c51c717af1febe6d2c.cs","_resolvedLanguagePackCoreLocation":"/home/stepa/.config/Code/clp/dc13117dd83f42c51c717af1febe6d2c.cs/da15b6fd3ef856477bf6f4fb29ba1b7af717770d","_corruptedFile":"/home/stepa/.config/Code/clp/dc13117dd83f42c51c717af1febe6d2c.cs/corrupted.info","_languagePackSupport":true}
# environment
JOURNAL_STREAM = 8:50346
# makefile (from 'Makefile', line 3)
CFLAGS = -Iheaders -Wall -g -Wextra -march=native -mtune=native -O3 -fomit-frame-pointer 
# environment
XDG_CONFIG_DIRS = /etc/xdg/xdg-ubuntu:/etc/xdg
# environment
SNAP_INSTANCE_NAME = code
# environment
SNAP_ARCH = amd64
# makefile (from 'Makefile', line 1)
MAKEFILE_LIST :=  Makefile
# automatic
@F = $(notdir $@)
# environment
GIO_LAUNCHED_DESKTOP_FILE = /var/lib/snapd/desktop/applications/code_code.desktop
# environment
USERNAME = stepa
# makefile (from 'Makefile', line 8)
SOURCES = $(wildcard ./src/*.c)
# environment
MAKELEVEL := 0
# environment
XDG_DATA_DIRS = /usr/share/ubuntu:/home/stepa/.local/share/flatpak/exports/share:/var/lib/flatpak/exports/share:/usr/local/share/:/usr/share/:/var/lib/snapd/desktop
# environment
DBUS_SESSION_BUS_ADDRESS = unix:path=/run/user/1000/bus
# environment
VSCODE_VERBOSE_LOGGING = true
# environment
_ = /snap/code/96/usr/share/code/code
# makefile (from 'Makefile', line 11)
OBJS = $(SOURCES: .c=.o)
# environment
MANAGERPID = 1767
# environment
LESSOPEN = | /usr/bin/lesspipe %s
# environment
LC_NAME = cs_CZ.UTF-8
# environment
VSCODE_CWD = /home/stepa
# environment
GSETTINGS_SCHEMA_DIR = /snap/code/96/usr/share/glib-2.0/schemas
# default
MAKE_HOST := x86_64-pc-linux-gnu
# environment
PATH = /home/stepa/.local/bin:/home/stepa/.local/bin:/usr/local/sbin:/usr/local/bin:/usr/sbin:/usr/bin:/sbin:/bin:/usr/games:/usr/local/games:/snap/bin
# environment
GPG_AGENT_INFO = /run/user/1000/gnupg/S.gpg-agent:0:1
# environment
SESSION_MANAGER = local/stepin-funacek:@/tmp/.ICE-unix/1999,unix/stepin-funacek:/tmp/.ICE-unix/1999
# environment
XDG_RUNTIME_DIR = /run/user/1000
# environment
GDK_PIXBUF_MODULE_FILE = /home/stepa/snap/code/common/.cache/gdk-pixbuf-loaders.cache
# environment
SNAP = /snap/code/96
# makefile (from 'Makefile', line 4)
CLIBFLAGS = -Iheaders -std=c99 -pedantic -Wall -Wextra -g -fPIC
# environment
SNAP_VERSION = da15b6fd
# environment
XDG_MENU_PREFIX = gnome-
# environment
VSCODE_LOG_STACK = false
# environment
DISABLE_WAYLAND = 1
# environment
ELECTRON_RUN_AS_NODE = 1
# environment
INVOCATION_ID = a8ebc6084718448facd0d404ea7dc737
# environment
GDK_PIXBUF_MODULEDIR = /snap/code/96/usr/lib/x86_64-linux-gnu/gdk-pixbuf-2.0/2.10.0/loaders
# default
.FEATURES := target-specific order-only second-expansion else-if shortest-stem undefine oneshell archives jobserver output-sync check-symlink load
# environment
LS_COLORS = 
# environment
XDG_SESSION_DESKTOP = ubuntu
# environment
SSH_AUTH_SOCK = /run/user/1000/keyring/ssh
# environment
GIO_LAUNCHED_DESKTOP_FILE_PID = 619071
# automatic
%F = $(notdir $%)
# environment
DISPLAY = :0
# environment
VSCODE_PIPE_LOGGING = true
# environment
SNAP_INSTANCE_KEY = 
# environment
PWD = /home/stepa/Plocha/IBEP-T/Paillier_EEICT/Code/EEICT_Paillier
# default
.LOADED := 
# makefile (from 'Makefile', line 6)
LIBFLAGS = -lm -lssl -lcrypto -lcjson -lpthread
# environment
SSH_AGENT_PID = 1962
# environment
ORIGINAL_XDG_CURRENT_DESKTOP = ubuntu:GNOME
# environment
GTK_MODULES = gail:atk-bridge
# environment
VSCODE_AMD_ENTRYPOINT = vs/workbench/api/node/extensionHostProcess
# environment
HOME = /home/stepa
# environment
LD_LIBRARY_PATH = /lib:/usr/lib:/usr/local/lib64
# environment
LESSCLOSE = /usr/bin/lesspipe %s %s
# environment
VSCODE_CLI = 1
# environment
VSCODE_CODE_CACHE_PATH = /home/stepa/.config/Code/CachedData/da15b6fd3ef856477bf6f4fb29ba1b7af717770d
# environment
LOGNAME = stepa
# environment
APPLICATION_INSIGHTS_NO_DIAGNOSTIC_CHANNEL = 1
# environment
SNAP_LIBRARY_PATH = /var/lib/snapd/lib/gl:/var/lib/snapd/lib/gl32:/var/lib/snapd/void
# environment
SNAP_CONTEXT = kWqfnliepEKpDUh-V48njOi3aPGBnbyI_tQRk0rr5_pGGAs-D_Q7
# automatic
+F = $(notdir $+)
# makefile (from 'Makefile', line 9)
HEADERS = $(wildcard ./headers/*.h)
# environment
ELECTRON_NO_ATTACH_CONSOLE = 1
# environment
SNAP_USER_COMMON = /home/stepa/snap/code/common
# environment
VSCODE_HANDLES_UNCAUGHT_ERRORS = true
# environment
GNOME_DESKTOP_SESSION_ID = this-is-deprecated
# automatic
^D = $(patsubst %/,%,$(dir $^))
# environment
LC_TIME = cs_CZ.UTF-8
# environment
SNAP_REAL_HOME = /home/stepa
# default
MAKE = $(MAKE_COMMAND)
# default
MAKECMDGOALS := all
# environment
QT_IM_MODULE = ibus
# environment
SNAP_USER_DATA = /home/stepa/snap/code/96
# environment
SHLVL = 0
# makefile (from 'Makefile', line 1)
CC = /usr/bin/cc
# environment
GNOME_SHELL_SESSION_MODE = ubuntu
# environment
VSCODE_IPC_HOOK_EXTHOST = /run/user/1000/vscode-ipc-7b37688f-623a-443d-8ad4-c093ce019880.sock
# default
MAKE_VERSION := 4.2.1
# environment
USER = stepa
# environment
SNAP_REVISION = 96
# environment
LC_MONETARY = cs_CZ.UTF-8
# makefile
.DEFAULT_GOAL := all
# makefile (from 'Makefile', line 5)
INCLUDE = -I/usr/local/include -I/usr/local/include/openssl -I/usr/local/lib
# environment
XDG_CURRENT_DESKTOP = Unity
# automatic
%D = $(patsubst %/,%,$(dir $%))
# environment
LC_TELEPHONE = cs_CZ.UTF-8
# default
MAKE_COMMAND := make
# default
.VARIABLES := 
# automatic
*F = $(notdir $*)
# environment
LANGUAGE = cs:en_GB:en_US:en
# environment
VSCODE_IPC_HOOK = /run/user/1000/vscode-b4dfe536-1.67.1-main.sock
# environment
BAMF_DESKTOP_FILE_HINT = /var/lib/snapd/desktop/applications/code_code.desktop
# makefile
MAKEFLAGS = pqrR
# environment
MFLAGS = -pqrR
# automatic
*D = $(patsubst %/,%,$(dir $*))
# automatic
+D = $(patsubst %/,%,$(dir $+))
# environment
GDK_BACKEND = x11
# environment
LC_PAPER = cs_CZ.UTF-8
# environment
LC_IDENTIFICATION = cs_CZ.UTF-8
# environment
QT_ACCESSIBILITY = 1
# default
MAKEFILES := 
# environment
SNAP_COOKIE = kWqfnliepEKpDUh-V48njOi3aPGBnbyI_tQRk0rr5_pGGAs-D_Q7
# environment
LC_NUMERIC = cs_CZ.UTF-8
# automatic
<F = $(notdir $<)
# environment
LC_MEASUREMENT = cs_CZ.UTF-8
# environment
SNAP_NAME = code
# environment
LC_ALL = C
# environment
GJS_DEBUG_TOPICS = JS ERROR;JS LOG
# automatic
^F = $(notdir $^)
# default
SUFFIXES := 
# environment
SNAP_REEXEC = 
# environment
CHROME_DESKTOP = code-url-handler.desktop
# environment
WINDOWPATH = 2
# default
.INCLUDE_DIRS = /usr/include /usr/local/include /usr/include
# environment
GJS_DEBUG_OUTPUT = stderr
# default
.RECIPEPREFIX := 
# environment
LC_ADDRESS = cs_CZ.UTF-8
# environment
LANG = C
# environment
VSCODE_PID = 619121
# variable set hash-table stats:
 
# Load=140/1024=14%, Rehash=0, Collisions=28/171=16%

# Pattern-specific Variable Values

# No pattern-specific variable values.

# Directories

# . (device 2050, inode 12452735): 17 files, no impossibilities.
# ./src (device 2050, inode 12453507): 8 files, no impossibilities.
# ./headers (device 2050, inode 12453508): 9 files, no impossibilities.

# 34 files, no impossibilities in 3 directories.

# Implicit Rules

# No implicit rules.

# Files

# Not a target:
src/paillier_scheme3.c:
#  Implicit rule search has not been done.
#  Modification time never checked.
#  File has not been updated.

# Not a target:
headers/speed_functions.h:
#  Implicit rule search has not been done.
#  Modification time never checked.
#  File has not been updated.

all: clean main
#  Command line target.
#  Implicit rule search has been done.
#  File does not exist.
#  File has been updated.
#  Needs to be updated (-q is set).
# variable set hash-table stats:
# Load=0/32=0%, Rehash=0, Collisions=0/3=0%

.PHONY: clean
#  Implicit rule search has not been done.
#  Modification time never checked.
#  File has not been updated.

# Not a target:
headers/paillier_scheme3.h:
#  Implicit rule search has not been done.
#  Modification time never checked.
#  File has not been updated.

# Not a target:
.SUFFIXES:
#  Implicit rule search has not been done.
#  Modification time never checked.
#  File has not been updated.

# Not a target:
Makefile:
#  Implicit rule search has been done.
#  Last modified 2022-03-06 11:21:21.366149028
#  File has been updated.
#  Successfully updated.

# Not a target:
src/paillier_scheme1.c:
#  Implicit rule search has not been done.
#  Modification time never checked.
#  File has not been updated.

# Not a target:
src/homomorphy_functions.c:
#  Implicit rule search has not been done.
#  Modification time never checked.
#  File has not been updated.

# Not a target:
src/support_functions.c:
#  Implicit rule search has not been done.
#  Modification time never checked.
#  File has not been updated.

# Not a target:
.DEFAULT:
#  Implicit rule search has not been done.
#  Modification time never checked.
#  File has not been updated.

# Not a target:
src/tests.c:
#  Implicit rule search has not been done.
#  Modification time never checked.
#  File has not been updated.

# Not a target:
headers/paillier_scheme1.h:
#  Implicit rule search has not been done.
#  Modification time never checked.
#  File has not been updated.

# Not a target:
headers/homomorphy_functions.h:
#  Implicit rule search has not been done.
#  Modification time never checked.
#  File has not been updated.

clean:
#  Phony target (prerequisite of .PHONY).
#  Implicit rule search has not been done.
#  Implicit/static pattern stem: ''
#  File does not exist.
#  File has been updated.
#  Needs to be updated (-q is set).
# automatic
# @ := clean
# automatic
# % := 
# automatic
# * := 
# automatic
# + := 
# automatic
# | := 
# automatic
# < := 
# automatic
# ^ := 
# automatic
# ? := 
# variable set hash-table stats:
# Load=8/32=25%, Rehash=0, Collisions=1/11=9%
#  recipe to execute (from 'Makefile', line 22):
	rm -f main
	rm -rf *.o
	rm -f *.json
	rm -f ./keys/*.json
	rm -f ./precomputed_values/*.json
	rm -f ./results/*.csv

# Not a target:
headers/parameters.h:
#  Implicit rule search has not been done.
#  Modification time never checked.
#  File has not been updated.

# Not a target:
headers/support_functions.h:
#  Implicit rule search has not been done.
#  Modification time never checked.
#  File has not been updated.

main: src/paillier_scheme1.c src/tests.c src/speed_functions.c src/paillier_scheme3.c src/homomorphy_functions.c src/support_functions.c headers/paillier_scheme1.h headers/tests.h headers/speed_functions.h headers/paillier_scheme3.h headers/parameters.h headers/homomorphy_functions.h headers/support_functions.h
#  Implicit rule search has not been done.
#  Modification time never checked.
#  File has not been updated.
#  recipe to execute (from 'Makefile', line 16):
	$(CC) $(CFLAGS) $(SOURCES) $(INCLUDE) main.c -o $@ $(LIBFLAGS)

# Not a target:
headers/tests.h:
#  Implicit rule search has not been done.
#  Modification time never checked.
#  File has not been updated.

# Not a target:
src/speed_functions.c:
#  Implicit rule search has not been done.
#  Modification time never checked.
#  File has not been updated.

# files hash-table stats:
# Load=20/1024=2%, Rehash=0, Collisions=0/50=0%
# VPATH Search Paths

# No 'vpath' search paths.

# No general ('VPATH' variable) search path.

# strcache buffers: 1 (0) / strings = 52 / storage = 751 B / avg = 14 B
# current buf: size = 8162 B / used = 751 B / count = 52 / avg = 14 B

# strcache performance: lookups = 70 / hit rate = 25%
# hash-table stats:
# Load=52/8192=1%, Rehash=0, Collisions=3/70=4%
# Finished Make data base on Tue May 17 22:55:09 2022

 
